android1/app/build/intermediates/manifest_merge_blame_file/debug/manifest-merger-blame-debug-report.txt
1<?xml version="1.0" encoding="utf-8"?>
2<manifest xmlns:android="http://schemas.android.com/apk/res/android"
3    package="com.appcontrol"
4    android:versionCode="1"
5    android:versionName="1.0" >
6
7    <uses-sdk
8        android:minSdkVersion="16"
9        android:targetSdkVersion="29" />
10
11    <uses-permission android:name="android.permission.SYSTEM_ALERT_WINDOW" />
11-->src\debug\AndroidManifest.xml:5:5-77
11-->src\debug\AndroidManifest.xml:5:22-75
12    <uses-permission android:name="android.permission.INTERNET" />
12-->src\main\AndroidManifest.xml:3:5-67
12-->src\main\AndroidManifest.xml:3:22-64
13    <uses-permission android:name="android.permission.ACCESS_FINE_LOCATION" />
13-->src\main\AndroidManifest.xml:4:5-79
13-->src\main\AndroidManifest.xml:4:22-76
14    <uses-permission android:name="android.permission.ACCESS_COARSE_LOCATION" />
14-->src\main\AndroidManifest.xml:5:5-81
14-->src\main\AndroidManifest.xml:5:22-78
15    <uses-permission android:name="android.permission.ACCESS_BACKGROUND_LOCATION" />
15-->src\main\AndroidManifest.xml:6:5-85
15-->src\main\AndroidManifest.xml:6:22-82
16    <uses-permission android:name="android.permission.ACCESS_WIFI_STATE" /> <!-- Include required permissions for Google Maps API to run. -->
16-->[com.facebook.flipper:flipper:0.54.0] AndroidManifest.xml:16:5-76
16-->[com.facebook.flipper:flipper:0.54.0] AndroidManifest.xml:16:22-73
17    <uses-permission android:name="android.permission.ACCESS_NETWORK_STATE" />
17-->[com.google.android.gms:play-services-maps:17.0.0] AndroidManifest.xml:23:5-79
17-->[com.google.android.gms:play-services-maps:17.0.0] AndroidManifest.xml:23:22-76
18
19    <uses-feature
19-->[com.google.android.gms:play-services-maps:17.0.0] AndroidManifest.xml:26:5-28:35
20        android:glEsVersion="0x00020000"
20-->[com.google.android.gms:play-services-maps:17.0.0] AndroidManifest.xml:27:9-41
21        android:required="true" />
21-->[com.google.android.gms:play-services-maps:17.0.0] AndroidManifest.xml:28:9-32
22
23    <application
23-->src\main\AndroidManifest.xml:8:5-30:19
24        android:name="com.appcontrol.MainApplication"
24-->src\main\AndroidManifest.xml:9:7-38
25        android:allowBackup="false"
25-->src\main\AndroidManifest.xml:13:7-34
26        android:appComponentFactory="androidx.core.app.CoreComponentFactory"
26-->[androidx.core:core:1.1.0] AndroidManifest.xml:24:18-86
27        android:debuggable="true"
28        android:icon="@mipmap/ic_launcher"
28-->src\main\AndroidManifest.xml:11:7-41
29        android:label="@string/app_name"
29-->src\main\AndroidManifest.xml:10:7-39
30        android:roundIcon="@mipmap/ic_launcher_round"
30-->src\main\AndroidManifest.xml:12:7-52
31        android:theme="@style/AppTheme"
31-->src\main\AndroidManifest.xml:14:7-38
32        android:usesCleartextTraffic="true" >
32-->src\debug\AndroidManifest.xml:7:18-53
33        <meta-data
33-->src\main\AndroidManifest.xml:15:7-17:64
34            android:name="com.google.android.maps.v2.API_KEY"
34-->src\main\AndroidManifest.xml:16:7-56
35            android:value="AIzaSyA3ZUwudWnj_87jfmz7tgfFQVk3-cv6QDk" />
35-->src\main\AndroidManifest.xml:17:7-62
36
37        <activity
37-->src\main\AndroidManifest.xml:18:7-28:18
38            android:name="com.appcontrol.MainActivity"
38-->src\main\AndroidManifest.xml:19:9-37
39            android:configChanges="keyboard|keyboardHidden|orientation|screenSize|uiMode"
39-->src\main\AndroidManifest.xml:21:9-86
40            android:label="@string/app_name"
40-->src\main\AndroidManifest.xml:20:9-41
41            android:launchMode="singleTask"
41-->src\main\AndroidManifest.xml:22:9-40
42            android:windowSoftInputMode="adjustResize" >
42-->src\main\AndroidManifest.xml:23:9-51
43            <intent-filter>
43-->src\main\AndroidManifest.xml:24:9-27:25
44                <action android:name="android.intent.action.MAIN" />
44-->src\main\AndroidManifest.xml:25:13-65
44-->src\main\AndroidManifest.xml:25:21-62
45
46                <category android:name="android.intent.category.LAUNCHER" />
46-->src\main\AndroidManifest.xml:26:13-73
46-->src\main\AndroidManifest.xml:26:23-70
47            </intent-filter>
48        </activity>
49        <activity android:name="com.facebook.react.devsupport.DevSettingsActivity" /> <!-- Needs to be explicitly declared on P+ -->
49-->src\main\AndroidManifest.xml:29:7-84
49-->src\main\AndroidManifest.xml:29:17-81
50        <uses-library
50-->[com.google.android.gms:play-services-maps:17.0.0] AndroidManifest.xml:33:9-35:40
51            android:name="org.apache.http.legacy"
51-->[com.google.android.gms:play-services-maps:17.0.0] AndroidManifest.xml:34:13-50
52            android:required="false" />
52-->[com.google.android.gms:play-services-maps:17.0.0] AndroidManifest.xml:35:13-37
53
54        <activity
54-->[com.google.android.gms:play-services-base:17.0.0] AndroidManifest.xml:23:9-26:75
55            android:name="com.google.android.gms.common.api.GoogleApiActivity"
55-->[com.google.android.gms:play-services-base:17.0.0] AndroidManifest.xml:24:13-79
56            android:exported="false"
56-->[com.google.android.gms:play-services-base:17.0.0] AndroidManifest.xml:25:13-37
57            android:theme="@android:style/Theme.Translucent.NoTitleBar" />
57-->[com.google.android.gms:play-services-base:17.0.0] AndroidManifest.xml:26:13-72
58
59        <meta-data
59-->[com.google.android.gms:play-services-basement:17.0.0] AndroidManifest.xml:23:9-25:69
60            android:name="com.google.android.gms.version"
60-->[com.google.android.gms:play-services-basement:17.0.0] AndroidManifest.xml:24:13-58
61            android:value="@integer/google_play_services_version" />
61-->[com.google.android.gms:play-services-basement:17.0.0] AndroidManifest.xml:25:13-66
62    </application>
63
64</manifest>